<?xml version="1.0" encoding="UTF-8" ?>
<testsuite tests="24" failures="2" name="donation.runTest" time="0.063" errors="0" skipped="0">
  <properties>
[...]
</properties>
  <testcase classname="| 200000 | Angga Saputra | abc@gmail.com |" name="Given I on donation page" time="0.013"/>
  <testcase classname="| 200000 | Angga Saputra | abc@gmail.com |" name="And I input amount 200000 for donation" time="0"/>
  <testcase classname="| 200000 | Angga Saputra | abc@gmail.com |" name="And I select payment methode" time="0"/>
  <testcase classname="| 200000 | Angga Saputra | abc@gmail.com |" name="And I type Nama Lengkap &quot;Angga Saputra&quot;" time="0"/>
  <testcase classname="| 200000 | Angga Saputra | abc@gmail.com |" name="And I type Email or WhatsApp &quot;abc@gmail.com&quot;" time="0"/>
  <testcase classname="| 200000 | Angga Saputra | abc@gmail.com |" name="When I click Lanjut Pembayaran" time="0"/>
  <testcase classname="| 200000 | Angga Saputra | abc@gmail.com |" name="Then I see Instruksi Pembayaran" time="0"/>
  <testcase classname="| 200000 | Angga Saputra | abc@gmail.com |" name="| 200000 | Angga Saputra | abc@gmail.com |" time="0.001"/>
  <testcase classname="| 1 | Jumlah donasi harus lebih besar dari Rp 1.000. |" name="Given I on donation page" time="0"/>
  <testcase classname="| 1 | Jumlah donasi harus lebih besar dari Rp 1.000. |" name="When I input amount 1 for donation" time="0"/>
  <testcase classname="| 1 | Jumlah donasi harus lebih besar dari Rp 1.000. |" name="Then I see error message &quot;Jumlah donasi harus lebih besar dari Rp 1.000.&quot;" time="0"/>
  <testcase classname="| 1 | Jumlah donasi harus lebih besar dari Rp 1.000. |" name="| 1 | Jumlah donasi harus lebih besar dari Rp 1.000. |" time="0.001"/>
  <testcase classname="| 3000000000000 | Jumlah donasi maksimal Rp 500.000.000. |" name="Given I on donation page" time="0"/>
  <testcase classname="| 3000000000000 | Jumlah donasi maksimal Rp 500.000.000. |" name="When I input amount 3000000000000 for donation" time="0"/>
  <testcase classname="| 3000000000000 | Jumlah donasi maksimal Rp 500.000.000. |" name="Then I see error message &quot;Jumlah donasi maksimal Rp 500.000.000.&quot;" time="0"/>
  <testcase classname="| 3000000000000 | Jumlah donasi maksimal Rp 500.000.000. |" name="| 3000000000000 | Jumlah donasi maksimal Rp 500.000.000. |" time="0.001"/>
  <testcase classname="| 222222222 | Jumlah donasi harus dalam kelipatan ribuan. |" name="Given I on donation page" time="0"/>
  <testcase classname="| 222222222 | Jumlah donasi harus dalam kelipatan ribuan. |" name="When I input amount 222222222 for donation" time="0"/>
  <testcase classname="| 222222222 | Jumlah donasi harus dalam kelipatan ribuan. |" name="Then I see error message &quot;Jumlah donasi harus dalam kelipatan ribuan.&quot;" time="0"/>
  <testcase classname="| 222222222 | Jumlah donasi harus dalam kelipatan ribuan. |" name="| 222222222 | Jumlah donasi harus dalam kelipatan ribuan. |" time="0.001"/>
  <testcase classname="Given I on donation page(| @!*(!&amp;(*!*&amp;%^$(!*^*&amp;!*)!! | Nama Lengkap hanya bisa diisi oleh alphabet. |)" name="Given I on donation page(| @!*(!&amp;(*!*&amp;%^$" time="0"/>
  <testcase classname="When I type Nama Lengkap &quot;@!*(!&amp;(*!*&amp;%^$(!*^*&amp;!*)!!&quot;(| @!*(!&amp;(*!*&amp;%^$(!*^*&amp;!*)!! | Nama Lengkap hanya bisa diisi oleh alphabet. |)" name="When I type Nama Lengkap &quot;@!*(!&amp;(*!*&amp;%^$(!*^*&amp;!*)!!&quot;(| @!*(!&amp;(*!*&amp;%^$" time="0"/>
  <testcase classname="Then I see error message on Nama Lengkap Field &quot;Nama Lengkap hanya bisa diisi oleh alphabet.&quot;(| @!*(!&amp;(*!*&amp;%^$(!*^*&amp;!*)!! | Nama Lengkap hanya bisa diisi oleh alphabet. |)" name="Then I see error message on Nama Lengkap Field &quot;Nama Lengkap hanya bisa diisi oleh alphabet.&quot;(| @!*(!&amp;(*!*&amp;%^$" time="0.023">
    <failure type="java.lang.AssertionError">java.lang.AssertionError
	at org.junit.Assert.fail(Assert.java:86)
	at org.junit.Assert.assertTrue(Assert.java:41)
	at org.junit.Assert.assertTrue(Assert.java:52)
	at donation.annotation.i_see_error_message_on_Nama_Lengkap(annotation.java:115)
	at ✽.Then I see error message on Nama Lengkap Field &quot;Nama Lengkap hanya bisa diisi oleh alphabet.&quot;(donation/donation.feature:35)
</failure>
  </testcase>
  <testcase classname="| @!*(!&amp;(*!*&amp;%^$(!*^*&amp;!*)!! | Nama Lengkap hanya bisa diisi oleh alphabet. |" name="| @!*(!&amp;(*!*&amp;%^$" time="0.023">
    <failure type="java.lang.AssertionError">java.lang.AssertionError
	at org.junit.Assert.fail(Assert.java:86)
	at org.junit.Assert.assertTrue(Assert.java:41)
	at org.junit.Assert.assertTrue(Assert.java:52)
	at donation.annotation.i_see_error_message_on_Nama_Lengkap(annotation.java:115)
	at ✽.Then I see error message on Nama Lengkap Field &quot;Nama Lengkap hanya bisa diisi oleh alphabet.&quot;(donation/donation.feature:35)
</failure>
  </testcase>
</testsuite>